<?xml version="1.0" encoding="UTF-8"?>
<!-- Generated by org.testng.reporters.JUnitXMLReporter -->
<testsuite hostname="DESKTOP-TLNVACJ" ignored="0" name="Smoke Test one" tests="26" failures="0" timestamp="28 Nov 2020 08:49:17 GMT" time="126.058" errors="0">
  <testcase name="operationSearchBar" time="9.242" classname="testScenarios.UrbanLadder"/>
  <testcase name="operationCategoryMenu" time="10.014" classname="testScenarios.UrbanLadder"/>
  <testcase name="operationPriceSelect" time="2.18" classname="testScenarios.UrbanLadder"/>
  <testcase name="operationStorageSelect" time="7.272" classname="testScenarios.UrbanLadder"/>
  <testcase name="print" time="8.896" classname="testScenarios.UrbanLadder"/>
  <testcase name="testCaseReadExl" time="0.128" classname="testScenarios.UrbanLadder"/>
  <testcase name="operationSearch" time="8.844" classname="testScenarios.UrbanLadder"/>
  <testcase name="operationCategory" time="1.934" classname="testScenarios.UrbanLadder"/>
  <testcase name="operationPrice" time="7.678" classname="testScenarios.UrbanLadder"/>
  <testcase name="operationStorage" time="5.563" classname="testScenarios.UrbanLadder"/>
  <testcase name="operationstock" time="8.712" classname="testScenarios.UrbanLadder"/>
  <testcase name="toExcelWrite" time="0.392" classname="testScenarios.UrbanLadder"/>
  <testcase name="getBeingAtHomeCollections" time="4.135" classname="testScenarios.UrbanLadder"/>
  <testcase name="testcase_clickGiftCards" time="6.075" classname="testScenarios.UrbanLadder"/>
  <testcase name="testcase_selectGiftCards" time="1.116" classname="testScenarios.UrbanLadder"/>
  <testcase name="testcase_customiseGiftCard" time="0.441" classname="testScenarios.UrbanLadder"/>
  <testcase name="testcase_FillDetails" time="5.184" classname="testScenarios.UrbanLadder"/>
  <testcase name="errorMessage" time="0.616" classname="testScenarios.UrbanLadder"/>
  <testcase name="write_ErrorMessage" time="0.086" classname="testScenarios.UrbanLadder"/>
  <testcase name="ScreenShot" time="0.545" classname="testScenarios.UrbanLadder"/>
  <testcase name="testcase_readExcelDataValid" time="0.051" classname="testScenarios.UrbanLadder"/>
  <testcase name="testcase_FillValidDetails" time="1.137" classname="testScenarios.UrbanLadder"/>
  <testcase name="proceedToPayment" time="8.744" classname="testScenarios.UrbanLadder"/>
  <testcase name="studyChairSearch" time="3.212" classname="testScenarios.UrbanLadder"/>
  <testcase name="operationSortBy" time="0.57" classname="testScenarios.UrbanLadder"/>
  <testcase name="StudyChairprint" time="8.021" classname="testScenarios.UrbanLadder"/>
</testsuite> <!-- Smoke Test one -->
