<?xml version="1.0" encoding="UTF-8"?>
<!-- Generated by org.testng.reporters.JUnitXMLReporter -->
<testsuite hostname="DESKTOP-TLNVACJ" ignored="0" name="Smoke Test two" tests="26" failures="0" timestamp="28 Nov 2020 08:51:15 GMT" time="118.468" errors="0">
  <testcase name="operationSearchBar" time="9.5" classname="testScenarios.UrbanLadder"/>
  <testcase name="operationCategoryMenu" time="10.089" classname="testScenarios.UrbanLadder"/>
  <testcase name="operationPriceSelect" time="1.844" classname="testScenarios.UrbanLadder"/>
  <testcase name="operationStorageSelect" time="7.111" classname="testScenarios.UrbanLadder"/>
  <testcase name="print" time="8.498" classname="testScenarios.UrbanLadder"/>
  <testcase name="testCaseReadExl" time="0.069" classname="testScenarios.UrbanLadder"/>
  <testcase name="operationSearch" time="8.86" classname="testScenarios.UrbanLadder"/>
  <testcase name="operationCategory" time="1.823" classname="testScenarios.UrbanLadder"/>
  <testcase name="operationPrice" time="7.292" classname="testScenarios.UrbanLadder"/>
  <testcase name="operationStorage" time="5.501" classname="testScenarios.UrbanLadder"/>
  <testcase name="operationstock" time="8.725" classname="testScenarios.UrbanLadder"/>
  <testcase name="toExcelWrite" time="0.29" classname="testScenarios.UrbanLadder"/>
  <testcase name="getBeingAtHomeCollections" time="4.056" classname="testScenarios.UrbanLadder"/>
  <testcase name="testcase_clickGiftCards" time="5.081" classname="testScenarios.UrbanLadder"/>
  <testcase name="testcase_selectGiftCards" time="1.125" classname="testScenarios.UrbanLadder"/>
  <testcase name="testcase_customiseGiftCard" time="0.44" classname="testScenarios.UrbanLadder"/>
  <testcase name="testcase_FillDetails" time="5.159" classname="testScenarios.UrbanLadder"/>
  <testcase name="errorMessage" time="0.603" classname="testScenarios.UrbanLadder"/>
  <testcase name="write_ErrorMessage" time="0.052" classname="testScenarios.UrbanLadder"/>
  <testcase name="ScreenShot" time="0.523" classname="testScenarios.UrbanLadder"/>
  <testcase name="testcase_readExcelDataValid" time="0.043" classname="testScenarios.UrbanLadder"/>
  <testcase name="testcase_FillValidDetails" time="1.003" classname="testScenarios.UrbanLadder"/>
  <testcase name="proceedToPayment" time="8.73" classname="testScenarios.UrbanLadder"/>
  <testcase name="studyChairSearch" time="3.374" classname="testScenarios.UrbanLadder"/>
  <testcase name="operationSortBy" time="0.466" classname="testScenarios.UrbanLadder"/>
  <testcase name="StudyChairprint" time="8.045" classname="testScenarios.UrbanLadder"/>
</testsuite> <!-- Smoke Test two -->
