<?xml version="1.0" encoding="UTF-8"?>
<testsuite xmlns:xsi="http://www.w3.org/2001/XMLSchema-instance" xsi:noNamespaceSchemaLocation="https://maven.apache.org/surefire/maven-surefire-plugin/xsd/surefire-test-report.xsd" name="TestSuite" time="348.665" tests="66" errors="0" skipped="0" failures="0">
  <properties>
[...]
</properties>
  <testcase name="operationSearchBar" classname="testScenarios.UrbanLadder" time="9.248"/>
  <testcase name="operationSearchBar" classname="testScenarios.UrbanLadder" time="9.501"/>
  <testcase name="operationSearchBar" classname="testScenarios.UrbanLadder" time="8.811"/>
  <testcase name="operationSearchBar" classname="testScenarios.UrbanLadder" time="9.219"/>
  <testcase name="operationCategoryMenu" classname="testScenarios.UrbanLadder" time="10.01"/>
  <testcase name="operationCategoryMenu" classname="testScenarios.UrbanLadder" time="10.09"/>
  <testcase name="operationCategoryMenu" classname="testScenarios.UrbanLadder" time="10.073"/>
  <testcase name="operationCategoryMenu" classname="testScenarios.UrbanLadder" time="9.761"/>
  <testcase name="operationPriceSelect" classname="testScenarios.UrbanLadder" time="2.18"/>
  <testcase name="operationPriceSelect" classname="testScenarios.UrbanLadder" time="1.844"/>
  <testcase name="operationPriceSelect" classname="testScenarios.UrbanLadder" time="1.843"/>
  <testcase name="operationPriceSelect" classname="testScenarios.UrbanLadder" time="2.238"/>
  <testcase name="operationStorageSelect" classname="testScenarios.UrbanLadder" time="7.273"/>
  <testcase name="operationStorageSelect" classname="testScenarios.UrbanLadder" time="7.111"/>
  <testcase name="operationStorageSelect" classname="testScenarios.UrbanLadder" time="6.981"/>
  <testcase name="operationStorageSelect" classname="testScenarios.UrbanLadder" time="7.087"/>
  <testcase name="print" classname="testScenarios.UrbanLadder" time="8.896"/>
  <testcase name="print" classname="testScenarios.UrbanLadder" time="8.498"/>
  <testcase name="print" classname="testScenarios.UrbanLadder" time="8.06"/>
  <testcase name="print" classname="testScenarios.UrbanLadder" time="8.002"/>
  <testcase name="testCaseReadExl" classname="testScenarios.UrbanLadder" time="0.128"/>
  <testcase name="testCaseReadExl" classname="testScenarios.UrbanLadder" time="0.07"/>
  <testcase name="operationSearch" classname="testScenarios.UrbanLadder" time="8.845"/>
  <testcase name="operationSearch" classname="testScenarios.UrbanLadder" time="8.86"/>
  <testcase name="operationCategory" classname="testScenarios.UrbanLadder" time="1.935"/>
  <testcase name="operationCategory" classname="testScenarios.UrbanLadder" time="1.822"/>
  <testcase name="operationPrice" classname="testScenarios.UrbanLadder" time="7.678"/>
  <testcase name="operationPrice" classname="testScenarios.UrbanLadder" time="7.293"/>
  <testcase name="operationStorage" classname="testScenarios.UrbanLadder" time="5.562"/>
  <testcase name="operationStorage" classname="testScenarios.UrbanLadder" time="5.502"/>
  <testcase name="operationstock" classname="testScenarios.UrbanLadder" time="8.711"/>
  <testcase name="operationstock" classname="testScenarios.UrbanLadder" time="8.725"/>
  <testcase name="toExcelWrite" classname="testScenarios.UrbanLadder" time="0.392"/>
  <testcase name="toExcelWrite" classname="testScenarios.UrbanLadder" time="0.29"/>
  <testcase name="getBeingAtHomeCollections" classname="testScenarios.UrbanLadder" time="4.135"/>
  <testcase name="getBeingAtHomeCollections" classname="testScenarios.UrbanLadder" time="4.056"/>
  <testcase name="testcase_clickGiftCards" classname="testScenarios.UrbanLadder" time="6.075"/>
  <testcase name="testcase_clickGiftCards" classname="testScenarios.UrbanLadder" time="5.081"/>
  <testcase name="testcase_selectGiftCards" classname="testScenarios.UrbanLadder" time="1.116"/>
  <testcase name="testcase_selectGiftCards" classname="testScenarios.UrbanLadder" time="1.125"/>
  <testcase name="testcase_customiseGiftCard" classname="testScenarios.UrbanLadder" time="0.441"/>
  <testcase name="testcase_customiseGiftCard" classname="testScenarios.UrbanLadder" time="0.441"/>
  <testcase name="testcase_FillDetails" classname="testScenarios.UrbanLadder" time="5.184"/>
  <testcase name="testcase_FillDetails" classname="testScenarios.UrbanLadder" time="5.159"/>
  <testcase name="errorMessage" classname="testScenarios.UrbanLadder" time="0.616"/>
  <testcase name="errorMessage" classname="testScenarios.UrbanLadder" time="0.604"/>
  <testcase name="write_ErrorMessage" classname="testScenarios.UrbanLadder" time="0.085"/>
  <testcase name="write_ErrorMessage" classname="testScenarios.UrbanLadder" time="0.052"/>
  <testcase name="ScreenShot" classname="testScenarios.UrbanLadder" time="0.545"/>
  <testcase name="ScreenShot" classname="testScenarios.UrbanLadder" time="0.523"/>
  <testcase name="testcase_readExcelDataValid" classname="testScenarios.UrbanLadder" time="0.051"/>
  <testcase name="testcase_readExcelDataValid" classname="testScenarios.UrbanLadder" time="0.043"/>
  <testcase name="testcase_FillValidDetails" classname="testScenarios.UrbanLadder" time="1.137"/>
  <testcase name="testcase_FillValidDetails" classname="testScenarios.UrbanLadder" time="1.003"/>
  <testcase name="proceedToPayment" classname="testScenarios.UrbanLadder" time="8.744"/>
  <testcase name="proceedToPayment" classname="testScenarios.UrbanLadder" time="8.73"/>
  <testcase name="studyChairSearch" classname="testScenarios.UrbanLadder" time="3.212"/>
  <testcase name="studyChairSearch" classname="testScenarios.UrbanLadder" time="3.374"/>
  <testcase name="studyChairSearch" classname="testScenarios.UrbanLadder" time="2.863"/>
  <testcase name="studyChairSearch" classname="testScenarios.UrbanLadder" time="2.483"/>
  <testcase name="operationSortBy" classname="testScenarios.UrbanLadder" time="0.569"/>
  <testcase name="operationSortBy" classname="testScenarios.UrbanLadder" time="0.466"/>
  <testcase name="operationSortBy" classname="testScenarios.UrbanLadder" time="0.447"/>
  <testcase name="StudyChairprint" classname="testScenarios.UrbanLadder" time="8.023"/>
  <testcase name="StudyChairprint" classname="testScenarios.UrbanLadder" time="8.045"/>
  <testcase name="StudyChairprint" classname="testScenarios.UrbanLadder" time="8.188"/>
</testsuite>